0 info it worked if it ends with ok
1 verbose cli [ '/usr/bin/node', '/usr/bin/npm', 'run', 'dev' ]
2 info using npm@1.4.21
3 info using node@v8.11.1
4 verbose run-script [ 'predev', 'dev', 'postdev' ]
5 info predev node-api-postgres@0.0.0
6 info dev node-api-postgres@0.0.0
7 verbose unsafe-perm in lifecycle true
8 info node-api-postgres@0.0.0 Failed to exec dev script
9 error node-api-postgres@0.0.0 dev: `node index.js`
9 error Exit status 1
10 error Failed at the node-api-postgres@0.0.0 dev script.
10 error This is most likely a problem with the node-api-postgres package,
10 error not with npm itself.
10 error Tell the author that this fails on your system:
10 error     node index.js
10 error You can get their info via:
10 error     npm owner ls node-api-postgres
10 error There is likely additional logging output above.
11 error System Linux 4.19.66-v7+
12 error command "/usr/bin/node" "/usr/bin/npm" "run" "dev"
13 error cwd /home/pi/projects/node-api-postgres
14 error node -v v8.11.1
15 error npm -v 1.4.21
16 error code ELIFECYCLE
17 verbose exit [ 1, true ]
